169  [main] INFO  o.k.a.i.utils.ServiceDiscoveryImpl - Loading kie.conf from  jar:file:/C:/Users/Administrator/.m2/repository/org/kie/kie-internal/7.19.0.Final/kie-internal-7.19.0.Final.jar!/META-INF/kie.conf in classloader jdk.internal.loader.ClassLoaders$AppClassLoader@5a2e4553
172  [main] INFO  o.k.a.i.utils.ServiceDiscoveryImpl - Adding Service org.kie.internal.services.KieAssemblersImpl

173  [main] INFO  o.k.a.i.utils.ServiceDiscoveryImpl - Adding Service org.kie.internal.services.KieRuntimesImpl

174  [main] INFO  o.k.a.i.utils.ServiceDiscoveryImpl - Adding Service org.kie.internal.services.KieWeaversImpl

174  [main] INFO  o.k.a.i.utils.ServiceDiscoveryImpl - Adding Service org.kie.internal.services.KieBeliefsImpl

175  [main] INFO  o.k.a.i.utils.ServiceDiscoveryImpl - Loading kie.conf from  jar:file:/C:/Users/Administrator/.m2/repository/org/optaplanner/optaplanner-core/7.19.0.Final/optaplanner-core-7.19.0.Final.jar!/META-INF/kie.conf in classloader jdk.internal.loader.ClassLoaders$AppClassLoader@5a2e4553
176  [main] INFO  o.k.a.i.utils.ServiceDiscoveryImpl - Adding Service +org.optaplanner.core.impl.solver.kie.KieSolverAssemblerService

176  [main] INFO  o.k.a.i.utils.ServiceDiscoveryImpl - Loading kie.conf from  jar:file:/C:/Users/Administrator/.m2/repository/org/drools/drools-compiler/7.19.0.Final/drools-compiler-7.19.0.Final.jar!/META-INF/kie.conf in classloader jdk.internal.loader.ClassLoaders$AppClassLoader@5a2e4553
180  [main] INFO  o.k.a.i.utils.ServiceDiscoveryImpl - Adding Service org.drools.compiler.kie.builder.impl.KieServicesImpl

182  [main] INFO  o.k.a.i.utils.ServiceDiscoveryImpl - Adding Service org.drools.compiler.builder.impl.KnowledgeBuilderFactoryServiceImpl

182  [main] INFO  o.k.a.i.utils.ServiceDiscoveryImpl - Loading kie.conf from  jar:file:/C:/Users/Administrator/.m2/repository/org/kie/kie-ci/7.19.0.Final/kie-ci-7.19.0.Final.jar!/META-INF/kie.conf in classloader jdk.internal.loader.ClassLoaders$AppClassLoader@5a2e4553
183  [main] INFO  o.k.a.i.utils.ServiceDiscoveryImpl - Adding Service org.kie.scanner.KieScannerFactoryServiceImpl

184  [main] INFO  o.k.a.i.utils.ServiceDiscoveryImpl - Adding Service org.kie.scanner.MavenClassLoaderResolver

184  [main] INFO  o.k.a.i.utils.ServiceDiscoveryImpl - Loading kie.conf from  jar:file:/C:/Users/Administrator/.m2/repository/org/drools/drools-core/7.19.0.Final/drools-core-7.19.0.Final.jar!/META-INF/kie.conf in classloader jdk.internal.loader.ClassLoaders$AppClassLoader@5a2e4553
186  [main] INFO  o.k.a.i.utils.ServiceDiscoveryImpl - Adding Service org.drools.core.io.impl.ResourceFactoryServiceImpl

186  [main] INFO  o.k.a.i.utils.ServiceDiscoveryImpl - Adding Service org.drools.core.marshalling.impl.MarshallerProviderImpl

187  [main] INFO  o.k.a.i.utils.ServiceDiscoveryImpl - Adding Service org.drools.core.concurrent.ExecutorProviderImpl

187  [main] INFO  o.k.a.i.utils.ServiceDiscoveryImpl - Loading kie.conf from  jar:file:/C:/Users/Administrator/.m2/repository/org/drools/drools-decisiontables/7.19.0.Final/drools-decisiontables-7.19.0.Final.jar!/META-INF/kie.conf in classloader jdk.internal.loader.ClassLoaders$AppClassLoader@5a2e4553
188  [main] INFO  o.k.a.i.utils.ServiceDiscoveryImpl - Adding Service org.drools.decisiontable.DecisionTableProviderImpl

188  [main] INFO  o.k.a.i.utils.ServiceDiscoveryImpl - Loading kie.conf from  jar:file:/C:/Users/Administrator/.m2/repository/org/jbpm/jbpm-bpmn2/7.19.0.Final/jbpm-bpmn2-7.19.0.Final.jar!/META-INF/kie.conf in classloader jdk.internal.loader.ClassLoaders$AppClassLoader@5a2e4553
257  [main] INFO  o.k.a.i.utils.ServiceDiscoveryImpl - Adding Service org.jbpm.bpmn2.BPMN2ProcessProviderImpl

257  [main] INFO  o.k.a.i.utils.ServiceDiscoveryImpl - Adding Service org.jbpm.bpmn2.xml.XmlProcessDumperFactoryServiceImpl

257  [main] INFO  o.k.a.i.utils.ServiceDiscoveryImpl - Loading kie.conf from  jar:file:/C:/Users/Administrator/.m2/repository/org/jbpm/jbpm-flow-builder/7.19.0.Final/jbpm-flow-builder-7.19.0.Final.jar!/META-INF/kie.conf in classloader jdk.internal.loader.ClassLoaders$AppClassLoader@5a2e4553
258  [main] INFO  o.k.a.i.utils.ServiceDiscoveryImpl - Adding Service org.jbpm.process.builder.ProcessBuilderFactoryServiceImpl

258  [main] INFO  o.k.a.i.utils.ServiceDiscoveryImpl - Adding Service +org.jbpm.assembler.BPMN2AssemblerService

259  [main] INFO  o.k.a.i.utils.ServiceDiscoveryImpl - Adding Service +org.jbpm.weaver.BPMN2WeaverService

259  [main] INFO  o.k.a.i.utils.ServiceDiscoveryImpl - Adding Service +org.jbpm.assembler.DRFAssemblerService

259  [main] INFO  o.k.a.i.utils.ServiceDiscoveryImpl - Adding Service +org.jbpm.weaver.DRFWeaverService

259  [main] INFO  o.k.a.i.utils.ServiceDiscoveryImpl - Loading kie.conf from  jar:file:/C:/Users/Administrator/.m2/repository/org/jbpm/jbpm-flow/7.19.0.Final/jbpm-flow-7.19.0.Final.jar!/META-INF/kie.conf in classloader jdk.internal.loader.ClassLoaders$AppClassLoader@5a2e4553
260  [main] INFO  o.k.a.i.utils.ServiceDiscoveryImpl - Adding Service org.jbpm.marshalling.impl.ProcessMarshallerFactoryServiceImpl

261  [main] INFO  o.k.a.i.utils.ServiceDiscoveryImpl - Adding Service org.jbpm.process.instance.ProcessRuntimeFactoryServiceImpl

261  [main] INFO  o.k.a.i.utils.ServiceDiscoveryImpl - Loading kie.conf from  jar:file:/C:/Users/Administrator/.m2/repository/org/kie/kie-dmn-core/7.19.0.Final/kie-dmn-core-7.19.0.Final.jar!/META-INF/kie.conf in classloader jdk.internal.loader.ClassLoaders$AppClassLoader@5a2e4553
264  [main] INFO  o.k.a.i.utils.ServiceDiscoveryImpl - Adding Service +org.kie.dmn.core.assembler.DMNAssemblerService

265  [main] INFO  o.k.a.i.utils.ServiceDiscoveryImpl - Adding Service +org.kie.dmn.core.runtime.DMNRuntimeService

265  [main] INFO  o.k.a.i.utils.ServiceDiscoveryImpl - Adding Service +org.kie.dmn.core.weaver.DMNWeaverService

265  [main] INFO  o.k.a.i.utils.ServiceDiscoveryImpl - Loading kie.conf from  jar:file:/C:/Users/Administrator/.m2/repository/org/drools/drools-model-compiler/7.19.0.Final/drools-model-compiler-7.19.0.Final.jar!/META-INF/kie.conf in classloader jdk.internal.loader.ClassLoaders$AppClassLoader@5a2e4553
267  [main] INFO  o.k.a.i.utils.ServiceDiscoveryImpl - Adding Service org.drools.modelcompiler.CanonicalKieModuleProvider

267  [main] INFO  o.k.a.i.utils.ServiceDiscoveryImpl - Loading kie.conf from  jar:file:/C:/Users/Administrator/.m2/repository/org/drools/drools-persistence-jpa/7.19.0.Final/drools-persistence-jpa-7.19.0.Final.jar!/META-INF/kie.conf in classloader jdk.internal.loader.ClassLoaders$AppClassLoader@5a2e4553
271  [main] INFO  o.k.a.i.utils.ServiceDiscoveryImpl - Adding Service org.drools.persistence.jpa.KnowledgeStoreServiceImpl

272  [main] INFO  o.k.a.i.utils.ServiceDiscoveryImpl - Adding Service org.jbpm.persistence.correlation.JPACorrelationKeyFactory

272  [main] INFO  o.k.a.i.utils.ServiceDiscoveryImpl - Loading kie.conf from  jar:file:/C:/Users/Administrator/.m2/repository/org/jbpm/jbpm-human-task-jpa/7.19.0.Final/jbpm-human-task-jpa-7.19.0.Final.jar!/META-INF/kie.conf in classloader jdk.internal.loader.ClassLoaders$AppClassLoader@5a2e4553
273  [main] INFO  o.k.a.i.utils.ServiceDiscoveryImpl - Adding Service org.jbpm.services.task.persistence.TaskModelProviderImpl

315  [main] WARN  o.a.m.i.embedder.MavenSettings - Environment variable M2_HOME is not set
340  [main] DEBUG o.a.m.i.embedder.MavenEmbedderUtils - Not in OSGi: using plexus based maven parser
1065 [main] DEBUG o.e.a.i.i.DefaultLocalRepositoryProvider - Using manager EnhancedLocalRepositoryManager with priority 10.0 for C:\Users\Administrator\.m2\repository
1072 [main] DEBUG o.e.a.i.i.DefaultLocalRepositoryProvider - Using manager EnhancedLocalRepositoryManager with priority 10.0 for C:\Users\Administrator\.m2\repository
1110 [main] DEBUG o.e.a.i.i.DefaultDependencyCollector - Dependency collection stats: {ConflictMarker.analyzeTime=0, ConflictMarker.markTime=0, ConflictMarker.nodeCount=1, ConflictIdSorter.graphTime=0, ConflictIdSorter.topsortTime=0, ConflictIdSorter.conflictIdCount=0, ConflictIdSorter.conflictIdCycleCount=0, ConflictResolver.totalTime=1, ConflictResolver.conflictItemCount=0, DefaultDependencyCollector.collectTime=0, DefaultDependencyCollector.transformTime=3}
1179 [main] WARN  o.d.c.k.builder.impl.KieBuilderImpl - File 'src/main/resources' is in folder 'src.main.resources' but declares package 'com.IRS.optaplanner'. It is advised to have a correspondance between package and folder names.
1294 [main] WARN  o.d.c.k.builder.impl.KieBuilderImpl - File '' is in folder '' but declares package 'com.IRS.optaplanner'. It is advised to have a correspondance between package and folder names.
1870 [main] INFO  o.d.c.k.b.impl.KieRepositoryImpl - KieModule was added: MemoryKieModule[releaseId=org.default:artifact:1.0.0]
2421 [main] DEBUG o.drools.core.common.DefaultAgenda - State was INACTIVE is now FIRING_ALL_RULES
2693 [main] DEBUG o.drools.core.common.DefaultAgenda - State was FIRING_ALL_RULES is now HALTING
2693 [main] DEBUG o.drools.core.common.DefaultAgenda - State was HALTING is now INACTIVE
2694 [main] INFO  o.o.core.impl.solver.DefaultSolver - Solving started: time spent (686), best score (-1init/0hard/0soft), environment mode (REPRODUCIBLE), random (JDK with seed 0).
2694 [main] DEBUG o.drools.core.common.DefaultAgenda - State was INACTIVE is now FIRING_ALL_RULES
2694 [main] DEBUG o.drools.core.common.DefaultAgenda - State was FIRING_ALL_RULES is now HALTING
2694 [main] DEBUG o.drools.core.common.DefaultAgenda - State was HALTING is now INACTIVE
2699 [main] DEBUG o.drools.core.common.DefaultAgenda - State was INACTIVE is now FIRING_ALL_RULES
2918 [main] DEBUG o.drools.core.common.DefaultAgenda - State was FIRING_ALL_RULES is now HALTING
2919 [main] DEBUG o.drools.core.common.DefaultAgenda - State was HALTING is now INACTIVE
2919 [main] DEBUG o.drools.core.common.DefaultAgenda - State was INACTIVE is now FIRING_ALL_RULES
3114 [main] DEBUG o.drools.core.common.DefaultAgenda - State was FIRING_ALL_RULES is now HALTING
3114 [main] DEBUG o.drools.core.common.DefaultAgenda - State was HALTING is now INACTIVE
3114 [main] DEBUG o.drools.core.common.DefaultAgenda - State was INACTIVE is now FIRING_ALL_RULES
3434 [main] DEBUG o.drools.core.common.DefaultAgenda - State was FIRING_ALL_RULES is now HALTING
3434 [main] DEBUG o.drools.core.common.DefaultAgenda - State was HALTING is now INACTIVE
3434 [main] DEBUG o.drools.core.common.DefaultAgenda - State was INACTIVE is now FIRING_ALL_RULES
3743 [main] DEBUG o.drools.core.common.DefaultAgenda - State was FIRING_ALL_RULES is now HALTING
3744 [main] DEBUG o.drools.core.common.DefaultAgenda - State was HALTING is now INACTIVE
3744 [main] DEBUG o.drools.core.common.DefaultAgenda - State was INACTIVE is now FIRING_ALL_RULES
3944 [main] DEBUG o.drools.core.common.DefaultAgenda - State was FIRING_ALL_RULES is now HALTING
3944 [main] DEBUG o.drools.core.common.DefaultAgenda - State was HALTING is now INACTIVE
3944 [main] DEBUG o.drools.core.common.DefaultAgenda - State was INACTIVE is now FIRING_ALL_RULES
4123 [main] DEBUG o.drools.core.common.DefaultAgenda - State was FIRING_ALL_RULES is now HALTING
4123 [main] DEBUG o.drools.core.common.DefaultAgenda - State was HALTING is now INACTIVE
4123 [main] DEBUG o.drools.core.common.DefaultAgenda - State was INACTIVE is now FIRING_ALL_RULES
4320 [main] DEBUG o.drools.core.common.DefaultAgenda - State was FIRING_ALL_RULES is now HALTING
4320 [main] DEBUG o.drools.core.common.DefaultAgenda - State was HALTING is now INACTIVE
4320 [main] DEBUG o.drools.core.common.DefaultAgenda - State was INACTIVE is now FIRING_ALL_RULES
4485 [main] DEBUG o.drools.core.common.DefaultAgenda - State was FIRING_ALL_RULES is now HALTING
4486 [main] DEBUG o.drools.core.common.DefaultAgenda - State was HALTING is now INACTIVE
4486 [main] DEBUG o.drools.core.common.DefaultAgenda - State was INACTIVE is now FIRING_ALL_RULES
4665 [main] DEBUG o.drools.core.common.DefaultAgenda - State was FIRING_ALL_RULES is now HALTING
4665 [main] DEBUG o.drools.core.common.DefaultAgenda - State was HALTING is now INACTIVE
4666 [main] DEBUG o.drools.core.common.DefaultAgenda - State was INACTIVE is now FIRING_ALL_RULES
4861 [main] DEBUG o.drools.core.common.DefaultAgenda - State was FIRING_ALL_RULES is now HALTING
4861 [main] DEBUG o.drools.core.common.DefaultAgenda - State was HALTING is now INACTIVE
4862 [main] DEBUG o.drools.core.common.DefaultAgenda - State was INACTIVE is now FIRING_ALL_RULES
5009 [main] DEBUG o.drools.core.common.DefaultAgenda - State was FIRING_ALL_RULES is now HALTING
5010 [main] DEBUG o.drools.core.common.DefaultAgenda - State was HALTING is now INACTIVE
5010 [main] DEBUG o.drools.core.common.DefaultAgenda - State was INACTIVE is now FIRING_ALL_RULES
5152 [main] DEBUG o.drools.core.common.DefaultAgenda - State was FIRING_ALL_RULES is now HALTING
5152 [main] DEBUG o.drools.core.common.DefaultAgenda - State was HALTING is now INACTIVE
5152 [main] DEBUG o.drools.core.common.DefaultAgenda - State was INACTIVE is now FIRING_ALL_RULES
5298 [main] DEBUG o.drools.core.common.DefaultAgenda - State was FIRING_ALL_RULES is now HALTING
5298 [main] DEBUG o.drools.core.common.DefaultAgenda - State was HALTING is now INACTIVE
5298 [main] DEBUG o.drools.core.common.DefaultAgenda - State was INACTIVE is now FIRING_ALL_RULES
5498 [main] DEBUG o.drools.core.common.DefaultAgenda - State was FIRING_ALL_RULES is now HALTING
5498 [main] DEBUG o.drools.core.common.DefaultAgenda - State was HALTING is now INACTIVE
5498 [main] DEBUG o.drools.core.common.DefaultAgenda - State was INACTIVE is now FIRING_ALL_RULES
5649 [main] DEBUG o.drools.core.common.DefaultAgenda - State was FIRING_ALL_RULES is now HALTING
5649 [main] DEBUG o.drools.core.common.DefaultAgenda - State was HALTING is now INACTIVE
5649 [main] DEBUG o.drools.core.common.DefaultAgenda - State was INACTIVE is now FIRING_ALL_RULES
5824 [main] DEBUG o.drools.core.common.DefaultAgenda - State was FIRING_ALL_RULES is now HALTING
5824 [main] DEBUG o.drools.core.common.DefaultAgenda - State was HALTING is now INACTIVE
5824 [main] DEBUG o.drools.core.common.DefaultAgenda - State was INACTIVE is now FIRING_ALL_RULES
5970 [main] DEBUG o.drools.core.common.DefaultAgenda - State was FIRING_ALL_RULES is now HALTING
5970 [main] DEBUG o.drools.core.common.DefaultAgenda - State was HALTING is now INACTIVE
5970 [main] DEBUG o.drools.core.common.DefaultAgenda - State was INACTIVE is now FIRING_ALL_RULES
6119 [main] DEBUG o.drools.core.common.DefaultAgenda - State was FIRING_ALL_RULES is now HALTING
6119 [main] DEBUG o.drools.core.common.DefaultAgenda - State was HALTING is now INACTIVE
6119 [main] DEBUG o.drools.core.common.DefaultAgenda - State was INACTIVE is now FIRING_ALL_RULES
6268 [main] DEBUG o.drools.core.common.DefaultAgenda - State was FIRING_ALL_RULES is now HALTING
6268 [main] DEBUG o.drools.core.common.DefaultAgenda - State was HALTING is now INACTIVE
6268 [main] DEBUG o.drools.core.common.DefaultAgenda - State was INACTIVE is now FIRING_ALL_RULES
6435 [main] DEBUG o.drools.core.common.DefaultAgenda - State was FIRING_ALL_RULES is now HALTING
6435 [main] DEBUG o.drools.core.common.DefaultAgenda - State was HALTING is now INACTIVE
6435 [main] DEBUG o.drools.core.common.DefaultAgenda - State was INACTIVE is now FIRING_ALL_RULES
6587 [main] DEBUG o.drools.core.common.DefaultAgenda - State was FIRING_ALL_RULES is now HALTING
6588 [main] DEBUG o.drools.core.common.DefaultAgenda - State was HALTING is now INACTIVE
6588 [main] DEBUG o.drools.core.common.DefaultAgenda - State was INACTIVE is now FIRING_ALL_RULES
6740 [main] DEBUG o.drools.core.common.DefaultAgenda - State was FIRING_ALL_RULES is now HALTING
6740 [main] DEBUG o.drools.core.common.DefaultAgenda - State was HALTING is now INACTIVE
6741 [main] DEBUG o.drools.core.common.DefaultAgenda - State was INACTIVE is now FIRING_ALL_RULES
6892 [main] DEBUG o.drools.core.common.DefaultAgenda - State was FIRING_ALL_RULES is now HALTING
6892 [main] DEBUG o.drools.core.common.DefaultAgenda - State was HALTING is now INACTIVE
6892 [main] DEBUG o.drools.core.common.DefaultAgenda - State was INACTIVE is now FIRING_ALL_RULES
7041 [main] DEBUG o.drools.core.common.DefaultAgenda - State was FIRING_ALL_RULES is now HALTING
7041 [main] DEBUG o.drools.core.common.DefaultAgenda - State was HALTING is now INACTIVE
7041 [main] DEBUG o.drools.core.common.DefaultAgenda - State was INACTIVE is now FIRING_ALL_RULES
7195 [main] DEBUG o.drools.core.common.DefaultAgenda - State was FIRING_ALL_RULES is now HALTING
7195 [main] DEBUG o.drools.core.common.DefaultAgenda - State was HALTING is now INACTIVE
7195 [main] DEBUG o.drools.core.common.DefaultAgenda - State was INACTIVE is now FIRING_ALL_RULES
7359 [main] DEBUG o.drools.core.common.DefaultAgenda - State was FIRING_ALL_RULES is now HALTING
7359 [main] DEBUG o.drools.core.common.DefaultAgenda - State was HALTING is now INACTIVE
7360 [main] DEBUG o.drools.core.common.DefaultAgenda - State was INACTIVE is now FIRING_ALL_RULES
7530 [main] DEBUG o.drools.core.common.DefaultAgenda - State was FIRING_ALL_RULES is now HALTING
7530 [main] DEBUG o.drools.core.common.DefaultAgenda - State was HALTING is now INACTIVE
7530 [main] DEBUG o.drools.core.common.DefaultAgenda - State was INACTIVE is now FIRING_ALL_RULES
7678 [main] DEBUG o.drools.core.common.DefaultAgenda - State was FIRING_ALL_RULES is now HALTING
7678 [main] DEBUG o.drools.core.common.DefaultAgenda - State was HALTING is now INACTIVE
7678 [main] DEBUG o.drools.core.common.DefaultAgenda - State was INACTIVE is now FIRING_ALL_RULES
7850 [main] DEBUG o.drools.core.common.DefaultAgenda - State was FIRING_ALL_RULES is now HALTING
7850 [main] DEBUG o.drools.core.common.DefaultAgenda - State was HALTING is now INACTIVE
7851 [main] DEBUG o.drools.core.common.DefaultAgenda - State was INACTIVE is now FIRING_ALL_RULES
7999 [main] DEBUG o.drools.core.common.DefaultAgenda - State was FIRING_ALL_RULES is now HALTING
7999 [main] DEBUG o.drools.core.common.DefaultAgenda - State was HALTING is now INACTIVE
7999 [main] DEBUG o.drools.core.common.DefaultAgenda - State was INACTIVE is now FIRING_ALL_RULES
8141 [main] DEBUG o.drools.core.common.DefaultAgenda - State was FIRING_ALL_RULES is now HALTING
8141 [main] DEBUG o.drools.core.common.DefaultAgenda - State was HALTING is now INACTIVE
8141 [main] DEBUG o.drools.core.common.DefaultAgenda - State was INACTIVE is now FIRING_ALL_RULES
8292 [main] DEBUG o.drools.core.common.DefaultAgenda - State was FIRING_ALL_RULES is now HALTING
8292 [main] DEBUG o.drools.core.common.DefaultAgenda - State was HALTING is now INACTIVE
8292 [main] DEBUG o.drools.core.common.DefaultAgenda - State was INACTIVE is now FIRING_ALL_RULES
8454 [main] DEBUG o.drools.core.common.DefaultAgenda - State was FIRING_ALL_RULES is now HALTING
8454 [main] DEBUG o.drools.core.common.DefaultAgenda - State was HALTING is now INACTIVE
8454 [main] DEBUG o.drools.core.common.DefaultAgenda - State was INACTIVE is now FIRING_ALL_RULES
8598 [main] DEBUG o.drools.core.common.DefaultAgenda - State was FIRING_ALL_RULES is now HALTING
8598 [main] DEBUG o.drools.core.common.DefaultAgenda - State was HALTING is now INACTIVE
8598 [main] DEBUG o.drools.core.common.DefaultAgenda - State was INACTIVE is now FIRING_ALL_RULES
8740 [main] DEBUG o.drools.core.common.DefaultAgenda - State was FIRING_ALL_RULES is now HALTING
8740 [main] DEBUG o.drools.core.common.DefaultAgenda - State was HALTING is now INACTIVE
8740 [main] DEBUG o.drools.core.common.DefaultAgenda - State was INACTIVE is now FIRING_ALL_RULES
8880 [main] DEBUG o.drools.core.common.DefaultAgenda - State was FIRING_ALL_RULES is now HALTING
8880 [main] DEBUG o.drools.core.common.DefaultAgenda - State was HALTING is now INACTIVE
8880 [main] DEBUG o.drools.core.common.DefaultAgenda - State was INACTIVE is now FIRING_ALL_RULES
9030 [main] DEBUG o.drools.core.common.DefaultAgenda - State was FIRING_ALL_RULES is now HALTING
9030 [main] DEBUG o.drools.core.common.DefaultAgenda - State was HALTING is now INACTIVE
9030 [main] DEBUG o.drools.core.common.DefaultAgenda - State was INACTIVE is now FIRING_ALL_RULES
9190 [main] DEBUG o.drools.core.common.DefaultAgenda - State was FIRING_ALL_RULES is now HALTING
9191 [main] DEBUG o.drools.core.common.DefaultAgenda - State was HALTING is now INACTIVE
9191 [main] DEBUG o.drools.core.common.DefaultAgenda - State was INACTIVE is now FIRING_ALL_RULES
9387 [main] DEBUG o.drools.core.common.DefaultAgenda - State was FIRING_ALL_RULES is now HALTING
9387 [main] DEBUG o.drools.core.common.DefaultAgenda - State was HALTING is now INACTIVE
9387 [main] DEBUG o.drools.core.common.DefaultAgenda - State was INACTIVE is now FIRING_ALL_RULES
9539 [main] DEBUG o.drools.core.common.DefaultAgenda - State was FIRING_ALL_RULES is now HALTING
9539 [main] DEBUG o.drools.core.common.DefaultAgenda - State was HALTING is now INACTIVE
9539 [main] DEBUG o.drools.core.common.DefaultAgenda - State was INACTIVE is now FIRING_ALL_RULES
9691 [main] DEBUG o.drools.core.common.DefaultAgenda - State was FIRING_ALL_RULES is now HALTING
9691 [main] DEBUG o.drools.core.common.DefaultAgenda - State was HALTING is now INACTIVE
9691 [main] DEBUG o.drools.core.common.DefaultAgenda - State was INACTIVE is now FIRING_ALL_RULES
9842 [main] DEBUG o.drools.core.common.DefaultAgenda - State was FIRING_ALL_RULES is now HALTING
9842 [main] DEBUG o.drools.core.common.DefaultAgenda - State was HALTING is now INACTIVE
9842 [main] DEBUG o.drools.core.common.DefaultAgenda - State was INACTIVE is now FIRING_ALL_RULES
9995 [main] DEBUG o.drools.core.common.DefaultAgenda - State was FIRING_ALL_RULES is now HALTING
9995 [main] DEBUG o.drools.core.common.DefaultAgenda - State was HALTING is now INACTIVE
9995 [main] DEBUG o.drools.core.common.DefaultAgenda - State was INACTIVE is now FIRING_ALL_RULES
10153 [main] DEBUG o.drools.core.common.DefaultAgenda - State was FIRING_ALL_RULES is now HALTING
10154 [main] DEBUG o.drools.core.common.DefaultAgenda - State was HALTING is now INACTIVE
10154 [main] DEBUG o.drools.core.common.DefaultAgenda - State was INACTIVE is now FIRING_ALL_RULES
10302 [main] DEBUG o.drools.core.common.DefaultAgenda - State was FIRING_ALL_RULES is now HALTING
10302 [main] DEBUG o.drools.core.common.DefaultAgenda - State was HALTING is now INACTIVE
10302 [main] DEBUG o.drools.core.common.DefaultAgenda - State was INACTIVE is now FIRING_ALL_RULES
10451 [main] DEBUG o.drools.core.common.DefaultAgenda - State was FIRING_ALL_RULES is now HALTING
10451 [main] DEBUG o.drools.core.common.DefaultAgenda - State was HALTING is now INACTIVE
10451 [main] DEBUG o.drools.core.common.DefaultAgenda - State was INACTIVE is now FIRING_ALL_RULES
10597 [main] DEBUG o.drools.core.common.DefaultAgenda - State was FIRING_ALL_RULES is now HALTING
10598 [main] DEBUG o.drools.core.common.DefaultAgenda - State was HALTING is now INACTIVE
10598 [main] DEBUG o.drools.core.common.DefaultAgenda - State was INACTIVE is now FIRING_ALL_RULES
10746 [main] DEBUG o.drools.core.common.DefaultAgenda - State was FIRING_ALL_RULES is now HALTING
10746 [main] DEBUG o.drools.core.common.DefaultAgenda - State was HALTING is now INACTIVE
10747 [main] DEBUG o.drools.core.common.DefaultAgenda - State was INACTIVE is now FIRING_ALL_RULES
10894 [main] DEBUG o.drools.core.common.DefaultAgenda - State was FIRING_ALL_RULES is now HALTING
10894 [main] DEBUG o.drools.core.common.DefaultAgenda - State was HALTING is now INACTIVE
10894 [main] DEBUG o.drools.core.common.DefaultAgenda - State was INACTIVE is now FIRING_ALL_RULES
11070 [main] DEBUG o.drools.core.common.DefaultAgenda - State was FIRING_ALL_RULES is now HALTING
11070 [main] DEBUG o.drools.core.common.DefaultAgenda - State was HALTING is now INACTIVE
11070 [main] DEBUG o.drools.core.common.DefaultAgenda - State was INACTIVE is now FIRING_ALL_RULES
11231 [main] DEBUG o.drools.core.common.DefaultAgenda - State was FIRING_ALL_RULES is now HALTING
11231 [main] DEBUG o.drools.core.common.DefaultAgenda - State was HALTING is now INACTIVE
11231 [main] DEBUG o.drools.core.common.DefaultAgenda - State was INACTIVE is now FIRING_ALL_RULES
11392 [main] DEBUG o.drools.core.common.DefaultAgenda - State was FIRING_ALL_RULES is now HALTING
11392 [main] DEBUG o.drools.core.common.DefaultAgenda - State was HALTING is now INACTIVE
11393 [main] DEBUG o.drools.core.common.DefaultAgenda - State was INACTIVE is now FIRING_ALL_RULES
11571 [main] DEBUG o.drools.core.common.DefaultAgenda - State was FIRING_ALL_RULES is now HALTING
11571 [main] DEBUG o.drools.core.common.DefaultAgenda - State was HALTING is now INACTIVE
11571 [main] DEBUG o.drools.core.common.DefaultAgenda - State was INACTIVE is now FIRING_ALL_RULES
11713 [main] DEBUG o.drools.core.common.DefaultAgenda - State was FIRING_ALL_RULES is now HALTING
11713 [main] DEBUG o.drools.core.common.DefaultAgenda - State was HALTING is now INACTIVE
11714 [main] DEBUG o.drools.core.common.DefaultAgenda - State was INACTIVE is now FIRING_ALL_RULES
11854 [main] DEBUG o.drools.core.common.DefaultAgenda - State was FIRING_ALL_RULES is now HALTING
11854 [main] DEBUG o.drools.core.common.DefaultAgenda - State was HALTING is now INACTIVE
11854 [main] DEBUG o.drools.core.common.DefaultAgenda - State was INACTIVE is now FIRING_ALL_RULES
11995 [main] DEBUG o.drools.core.common.DefaultAgenda - State was FIRING_ALL_RULES is now HALTING
11995 [main] DEBUG o.drools.core.common.DefaultAgenda - State was HALTING is now INACTIVE
11995 [main] DEBUG o.drools.core.common.DefaultAgenda - State was INACTIVE is now FIRING_ALL_RULES
12141 [main] DEBUG o.drools.core.common.DefaultAgenda - State was FIRING_ALL_RULES is now HALTING
12141 [main] DEBUG o.drools.core.common.DefaultAgenda - State was HALTING is now INACTIVE
12142 [main] DEBUG o.o.c.i.c.DefaultConstructionHeuristicPhase -     CH step (0), time spent (10134), score (0hard/0soft), selected move count (57), picked move (com.IRS.optaplanner.User@2152fde5 {null -> com.IRS.optaplanner.Paper@5d58dc61}).
12142 [main] INFO  o.o.c.i.c.DefaultConstructionHeuristicPhase - Construction Heuristic phase (0) ended: time spent (10134), best score (0hard/0soft), score calculation speed (6/sec), step total (1).
12178 [main] DEBUG o.drools.core.common.DefaultAgenda - State was INACTIVE is now DISPOSED
12398 [main] DEBUG o.drools.core.common.DefaultAgenda - State was INACTIVE is now DISPOSED
12399 [main] INFO  o.o.core.impl.solver.DefaultSolver - Solving ended: time spent (10390), best score (0hard/0soft), score calculation speed (5/sec), phase total (2), environment mode (REPRODUCIBLE).
