195  [main] INFO  o.k.a.i.utils.ServiceDiscoveryImpl - Loading kie.conf from  jar:file:/C:/Users/Administrator/.m2/repository/org/kie/kie-internal/7.19.0.Final/kie-internal-7.19.0.Final.jar!/META-INF/kie.conf in classloader jdk.internal.loader.ClassLoaders$AppClassLoader@5a2e4553
204  [main] INFO  o.k.a.i.utils.ServiceDiscoveryImpl - Adding Service org.kie.internal.services.KieAssemblersImpl

206  [main] INFO  o.k.a.i.utils.ServiceDiscoveryImpl - Adding Service org.kie.internal.services.KieRuntimesImpl

207  [main] INFO  o.k.a.i.utils.ServiceDiscoveryImpl - Adding Service org.kie.internal.services.KieWeaversImpl

208  [main] INFO  o.k.a.i.utils.ServiceDiscoveryImpl - Adding Service org.kie.internal.services.KieBeliefsImpl

208  [main] INFO  o.k.a.i.utils.ServiceDiscoveryImpl - Loading kie.conf from  jar:file:/C:/Users/Administrator/.m2/repository/org/optaplanner/optaplanner-core/7.19.0.Final/optaplanner-core-7.19.0.Final.jar!/META-INF/kie.conf in classloader jdk.internal.loader.ClassLoaders$AppClassLoader@5a2e4553
210  [main] INFO  o.k.a.i.utils.ServiceDiscoveryImpl - Adding Service +org.optaplanner.core.impl.solver.kie.KieSolverAssemblerService

210  [main] INFO  o.k.a.i.utils.ServiceDiscoveryImpl - Loading kie.conf from  jar:file:/C:/Users/Administrator/.m2/repository/org/drools/drools-compiler/7.19.0.Final/drools-compiler-7.19.0.Final.jar!/META-INF/kie.conf in classloader jdk.internal.loader.ClassLoaders$AppClassLoader@5a2e4553
215  [main] INFO  o.k.a.i.utils.ServiceDiscoveryImpl - Adding Service org.drools.compiler.kie.builder.impl.KieServicesImpl

217  [main] INFO  o.k.a.i.utils.ServiceDiscoveryImpl - Adding Service org.drools.compiler.builder.impl.KnowledgeBuilderFactoryServiceImpl

217  [main] INFO  o.k.a.i.utils.ServiceDiscoveryImpl - Loading kie.conf from  jar:file:/C:/Users/Administrator/.m2/repository/org/kie/kie-ci/7.19.0.Final/kie-ci-7.19.0.Final.jar!/META-INF/kie.conf in classloader jdk.internal.loader.ClassLoaders$AppClassLoader@5a2e4553
218  [main] INFO  o.k.a.i.utils.ServiceDiscoveryImpl - Adding Service org.kie.scanner.KieScannerFactoryServiceImpl

219  [main] INFO  o.k.a.i.utils.ServiceDiscoveryImpl - Adding Service org.kie.scanner.MavenClassLoaderResolver

219  [main] INFO  o.k.a.i.utils.ServiceDiscoveryImpl - Loading kie.conf from  jar:file:/C:/Users/Administrator/.m2/repository/org/drools/drools-core/7.19.0.Final/drools-core-7.19.0.Final.jar!/META-INF/kie.conf in classloader jdk.internal.loader.ClassLoaders$AppClassLoader@5a2e4553
221  [main] INFO  o.k.a.i.utils.ServiceDiscoveryImpl - Adding Service org.drools.core.io.impl.ResourceFactoryServiceImpl

222  [main] INFO  o.k.a.i.utils.ServiceDiscoveryImpl - Adding Service org.drools.core.marshalling.impl.MarshallerProviderImpl

222  [main] INFO  o.k.a.i.utils.ServiceDiscoveryImpl - Adding Service org.drools.core.concurrent.ExecutorProviderImpl

222  [main] INFO  o.k.a.i.utils.ServiceDiscoveryImpl - Loading kie.conf from  jar:file:/C:/Users/Administrator/.m2/repository/org/drools/drools-decisiontables/7.19.0.Final/drools-decisiontables-7.19.0.Final.jar!/META-INF/kie.conf in classloader jdk.internal.loader.ClassLoaders$AppClassLoader@5a2e4553
224  [main] INFO  o.k.a.i.utils.ServiceDiscoveryImpl - Adding Service org.drools.decisiontable.DecisionTableProviderImpl

224  [main] INFO  o.k.a.i.utils.ServiceDiscoveryImpl - Loading kie.conf from  jar:file:/C:/Users/Administrator/.m2/repository/org/jbpm/jbpm-bpmn2/7.19.0.Final/jbpm-bpmn2-7.19.0.Final.jar!/META-INF/kie.conf in classloader jdk.internal.loader.ClassLoaders$AppClassLoader@5a2e4553
310  [main] INFO  o.k.a.i.utils.ServiceDiscoveryImpl - Adding Service org.jbpm.bpmn2.BPMN2ProcessProviderImpl

312  [main] INFO  o.k.a.i.utils.ServiceDiscoveryImpl - Adding Service org.jbpm.bpmn2.xml.XmlProcessDumperFactoryServiceImpl

312  [main] INFO  o.k.a.i.utils.ServiceDiscoveryImpl - Loading kie.conf from  jar:file:/C:/Users/Administrator/.m2/repository/org/jbpm/jbpm-flow-builder/7.19.0.Final/jbpm-flow-builder-7.19.0.Final.jar!/META-INF/kie.conf in classloader jdk.internal.loader.ClassLoaders$AppClassLoader@5a2e4553
313  [main] INFO  o.k.a.i.utils.ServiceDiscoveryImpl - Adding Service org.jbpm.process.builder.ProcessBuilderFactoryServiceImpl

314  [main] INFO  o.k.a.i.utils.ServiceDiscoveryImpl - Adding Service +org.jbpm.assembler.BPMN2AssemblerService

316  [main] INFO  o.k.a.i.utils.ServiceDiscoveryImpl - Adding Service +org.jbpm.weaver.BPMN2WeaverService

316  [main] INFO  o.k.a.i.utils.ServiceDiscoveryImpl - Adding Service +org.jbpm.assembler.DRFAssemblerService

316  [main] INFO  o.k.a.i.utils.ServiceDiscoveryImpl - Adding Service +org.jbpm.weaver.DRFWeaverService

317  [main] INFO  o.k.a.i.utils.ServiceDiscoveryImpl - Loading kie.conf from  jar:file:/C:/Users/Administrator/.m2/repository/org/jbpm/jbpm-flow/7.19.0.Final/jbpm-flow-7.19.0.Final.jar!/META-INF/kie.conf in classloader jdk.internal.loader.ClassLoaders$AppClassLoader@5a2e4553
318  [main] INFO  o.k.a.i.utils.ServiceDiscoveryImpl - Adding Service org.jbpm.marshalling.impl.ProcessMarshallerFactoryServiceImpl

319  [main] INFO  o.k.a.i.utils.ServiceDiscoveryImpl - Adding Service org.jbpm.process.instance.ProcessRuntimeFactoryServiceImpl

319  [main] INFO  o.k.a.i.utils.ServiceDiscoveryImpl - Loading kie.conf from  jar:file:/C:/Users/Administrator/.m2/repository/org/kie/kie-dmn-core/7.19.0.Final/kie-dmn-core-7.19.0.Final.jar!/META-INF/kie.conf in classloader jdk.internal.loader.ClassLoaders$AppClassLoader@5a2e4553
323  [main] INFO  o.k.a.i.utils.ServiceDiscoveryImpl - Adding Service +org.kie.dmn.core.assembler.DMNAssemblerService

325  [main] INFO  o.k.a.i.utils.ServiceDiscoveryImpl - Adding Service +org.kie.dmn.core.runtime.DMNRuntimeService

325  [main] INFO  o.k.a.i.utils.ServiceDiscoveryImpl - Adding Service +org.kie.dmn.core.weaver.DMNWeaverService

325  [main] INFO  o.k.a.i.utils.ServiceDiscoveryImpl - Loading kie.conf from  jar:file:/C:/Users/Administrator/.m2/repository/org/drools/drools-model-compiler/7.19.0.Final/drools-model-compiler-7.19.0.Final.jar!/META-INF/kie.conf in classloader jdk.internal.loader.ClassLoaders$AppClassLoader@5a2e4553
328  [main] INFO  o.k.a.i.utils.ServiceDiscoveryImpl - Adding Service org.drools.modelcompiler.CanonicalKieModuleProvider

328  [main] INFO  o.k.a.i.utils.ServiceDiscoveryImpl - Loading kie.conf from  jar:file:/C:/Users/Administrator/.m2/repository/org/drools/drools-persistence-jpa/7.19.0.Final/drools-persistence-jpa-7.19.0.Final.jar!/META-INF/kie.conf in classloader jdk.internal.loader.ClassLoaders$AppClassLoader@5a2e4553
333  [main] INFO  o.k.a.i.utils.ServiceDiscoveryImpl - Adding Service org.drools.persistence.jpa.KnowledgeStoreServiceImpl

334  [main] INFO  o.k.a.i.utils.ServiceDiscoveryImpl - Adding Service org.jbpm.persistence.correlation.JPACorrelationKeyFactory

334  [main] INFO  o.k.a.i.utils.ServiceDiscoveryImpl - Loading kie.conf from  jar:file:/C:/Users/Administrator/.m2/repository/org/jbpm/jbpm-human-task-jpa/7.19.0.Final/jbpm-human-task-jpa-7.19.0.Final.jar!/META-INF/kie.conf in classloader jdk.internal.loader.ClassLoaders$AppClassLoader@5a2e4553
335  [main] INFO  o.k.a.i.utils.ServiceDiscoveryImpl - Adding Service org.jbpm.services.task.persistence.TaskModelProviderImpl

386  [main] WARN  o.a.m.i.embedder.MavenSettings - Environment variable M2_HOME is not set
417  [main] DEBUG o.a.m.i.embedder.MavenEmbedderUtils - Not in OSGi: using plexus based maven parser
1162 [main] DEBUG o.e.a.i.i.DefaultLocalRepositoryProvider - Using manager EnhancedLocalRepositoryManager with priority 10.0 for C:\Users\Administrator\.m2\repository
1169 [main] DEBUG o.e.a.i.i.DefaultLocalRepositoryProvider - Using manager EnhancedLocalRepositoryManager with priority 10.0 for C:\Users\Administrator\.m2\repository
1209 [main] DEBUG o.e.a.i.i.DefaultDependencyCollector - Dependency collection stats: {ConflictMarker.analyzeTime=0, ConflictMarker.markTime=0, ConflictMarker.nodeCount=1, ConflictIdSorter.graphTime=0, ConflictIdSorter.topsortTime=0, ConflictIdSorter.conflictIdCount=0, ConflictIdSorter.conflictIdCycleCount=0, ConflictResolver.totalTime=2, ConflictResolver.conflictItemCount=0, DefaultDependencyCollector.collectTime=1, DefaultDependencyCollector.transformTime=4}
1301 [main] WARN  o.d.c.k.builder.impl.KieBuilderImpl - File 'src/main/resources' is in folder 'src.main.resources' but declares package 'com.IRS.optaplanner'. It is advised to have a correspondance between package and folder names.
1429 [main] WARN  o.d.c.k.builder.impl.KieBuilderImpl - File '' is in folder '' but declares package 'com.IRS.optaplanner'. It is advised to have a correspondance between package and folder names.
2080 [main] INFO  o.d.c.k.b.impl.KieRepositoryImpl - KieModule was added: MemoryKieModule[releaseId=org.default:artifact:1.0.0]
2845 [main] DEBUG o.drools.core.common.DefaultAgenda - State was INACTIVE is now FIRING_ALL_RULES
3218 [main] DEBUG o.drools.core.common.DefaultAgenda - State was FIRING_ALL_RULES is now HALTING
3218 [main] DEBUG o.drools.core.common.DefaultAgenda - State was HALTING is now INACTIVE
3218 [main] INFO  o.o.core.impl.solver.DefaultSolver - Solving started: time spent (1003), best score (-1init/0hard/0soft), environment mode (REPRODUCIBLE), random (JDK with seed 0).
3218 [main] DEBUG o.drools.core.common.DefaultAgenda - State was INACTIVE is now FIRING_ALL_RULES
3218 [main] DEBUG o.drools.core.common.DefaultAgenda - State was FIRING_ALL_RULES is now HALTING
3218 [main] DEBUG o.drools.core.common.DefaultAgenda - State was HALTING is now INACTIVE
3223 [main] DEBUG o.drools.core.common.DefaultAgenda - State was INACTIVE is now FIRING_ALL_RULES
3622 [main] DEBUG o.drools.core.common.DefaultAgenda - State was FIRING_ALL_RULES is now HALTING
3622 [main] DEBUG o.drools.core.common.DefaultAgenda - State was HALTING is now INACTIVE
3623 [main] DEBUG o.drools.core.common.DefaultAgenda - State was INACTIVE is now FIRING_ALL_RULES
3924 [main] DEBUG o.drools.core.common.DefaultAgenda - State was FIRING_ALL_RULES is now HALTING
3924 [main] DEBUG o.drools.core.common.DefaultAgenda - State was HALTING is now INACTIVE
3924 [main] DEBUG o.drools.core.common.DefaultAgenda - State was INACTIVE is now FIRING_ALL_RULES
4119 [main] DEBUG o.drools.core.common.DefaultAgenda - State was FIRING_ALL_RULES is now HALTING
4119 [main] DEBUG o.drools.core.common.DefaultAgenda - State was HALTING is now INACTIVE
4119 [main] DEBUG o.drools.core.common.DefaultAgenda - State was INACTIVE is now FIRING_ALL_RULES
4342 [main] DEBUG o.drools.core.common.DefaultAgenda - State was FIRING_ALL_RULES is now HALTING
4342 [main] DEBUG o.drools.core.common.DefaultAgenda - State was HALTING is now INACTIVE
4342 [main] DEBUG o.drools.core.common.DefaultAgenda - State was INACTIVE is now FIRING_ALL_RULES
4531 [main] DEBUG o.drools.core.common.DefaultAgenda - State was FIRING_ALL_RULES is now HALTING
4531 [main] DEBUG o.drools.core.common.DefaultAgenda - State was HALTING is now INACTIVE
4531 [main] DEBUG o.drools.core.common.DefaultAgenda - State was INACTIVE is now FIRING_ALL_RULES
4722 [main] DEBUG o.drools.core.common.DefaultAgenda - State was FIRING_ALL_RULES is now HALTING
4722 [main] DEBUG o.drools.core.common.DefaultAgenda - State was HALTING is now INACTIVE
4722 [main] DEBUG o.drools.core.common.DefaultAgenda - State was INACTIVE is now FIRING_ALL_RULES
4920 [main] DEBUG o.drools.core.common.DefaultAgenda - State was FIRING_ALL_RULES is now HALTING
4920 [main] DEBUG o.drools.core.common.DefaultAgenda - State was HALTING is now INACTIVE
4920 [main] DEBUG o.drools.core.common.DefaultAgenda - State was INACTIVE is now FIRING_ALL_RULES
5106 [main] DEBUG o.drools.core.common.DefaultAgenda - State was FIRING_ALL_RULES is now HALTING
5106 [main] DEBUG o.drools.core.common.DefaultAgenda - State was HALTING is now INACTIVE
5107 [main] DEBUG o.drools.core.common.DefaultAgenda - State was INACTIVE is now FIRING_ALL_RULES
5304 [main] DEBUG o.drools.core.common.DefaultAgenda - State was FIRING_ALL_RULES is now HALTING
5304 [main] DEBUG o.drools.core.common.DefaultAgenda - State was HALTING is now INACTIVE
5305 [main] DEBUG o.drools.core.common.DefaultAgenda - State was INACTIVE is now FIRING_ALL_RULES
5499 [main] DEBUG o.drools.core.common.DefaultAgenda - State was FIRING_ALL_RULES is now HALTING
5499 [main] DEBUG o.drools.core.common.DefaultAgenda - State was HALTING is now INACTIVE
5499 [main] DEBUG o.drools.core.common.DefaultAgenda - State was INACTIVE is now FIRING_ALL_RULES
5738 [main] DEBUG o.drools.core.common.DefaultAgenda - State was FIRING_ALL_RULES is now HALTING
5738 [main] DEBUG o.drools.core.common.DefaultAgenda - State was HALTING is now INACTIVE
5739 [main] DEBUG o.drools.core.common.DefaultAgenda - State was INACTIVE is now FIRING_ALL_RULES
5931 [main] DEBUG o.drools.core.common.DefaultAgenda - State was FIRING_ALL_RULES is now HALTING
5931 [main] DEBUG o.drools.core.common.DefaultAgenda - State was HALTING is now INACTIVE
5931 [main] DEBUG o.drools.core.common.DefaultAgenda - State was INACTIVE is now FIRING_ALL_RULES
6125 [main] DEBUG o.drools.core.common.DefaultAgenda - State was FIRING_ALL_RULES is now HALTING
6125 [main] DEBUG o.drools.core.common.DefaultAgenda - State was HALTING is now INACTIVE
6125 [main] DEBUG o.drools.core.common.DefaultAgenda - State was INACTIVE is now FIRING_ALL_RULES
6323 [main] DEBUG o.drools.core.common.DefaultAgenda - State was FIRING_ALL_RULES is now HALTING
6323 [main] DEBUG o.drools.core.common.DefaultAgenda - State was HALTING is now INACTIVE
6323 [main] DEBUG o.drools.core.common.DefaultAgenda - State was INACTIVE is now FIRING_ALL_RULES
6512 [main] DEBUG o.drools.core.common.DefaultAgenda - State was FIRING_ALL_RULES is now HALTING
6512 [main] DEBUG o.drools.core.common.DefaultAgenda - State was HALTING is now INACTIVE
6512 [main] DEBUG o.drools.core.common.DefaultAgenda - State was INACTIVE is now FIRING_ALL_RULES
6708 [main] DEBUG o.drools.core.common.DefaultAgenda - State was FIRING_ALL_RULES is now HALTING
6708 [main] DEBUG o.drools.core.common.DefaultAgenda - State was HALTING is now INACTIVE
6709 [main] DEBUG o.drools.core.common.DefaultAgenda - State was INACTIVE is now FIRING_ALL_RULES
6953 [main] DEBUG o.drools.core.common.DefaultAgenda - State was FIRING_ALL_RULES is now HALTING
6953 [main] DEBUG o.drools.core.common.DefaultAgenda - State was HALTING is now INACTIVE
6954 [main] DEBUG o.drools.core.common.DefaultAgenda - State was INACTIVE is now FIRING_ALL_RULES
7154 [main] DEBUG o.drools.core.common.DefaultAgenda - State was FIRING_ALL_RULES is now HALTING
7154 [main] DEBUG o.drools.core.common.DefaultAgenda - State was HALTING is now INACTIVE
7154 [main] DEBUG o.drools.core.common.DefaultAgenda - State was INACTIVE is now FIRING_ALL_RULES
7363 [main] DEBUG o.drools.core.common.DefaultAgenda - State was FIRING_ALL_RULES is now HALTING
7364 [main] DEBUG o.drools.core.common.DefaultAgenda - State was HALTING is now INACTIVE
7364 [main] DEBUG o.drools.core.common.DefaultAgenda - State was INACTIVE is now FIRING_ALL_RULES
7565 [main] DEBUG o.drools.core.common.DefaultAgenda - State was FIRING_ALL_RULES is now HALTING
7565 [main] DEBUG o.drools.core.common.DefaultAgenda - State was HALTING is now INACTIVE
7565 [main] DEBUG o.drools.core.common.DefaultAgenda - State was INACTIVE is now FIRING_ALL_RULES
7761 [main] DEBUG o.drools.core.common.DefaultAgenda - State was FIRING_ALL_RULES is now HALTING
7761 [main] DEBUG o.drools.core.common.DefaultAgenda - State was HALTING is now INACTIVE
7761 [main] DEBUG o.drools.core.common.DefaultAgenda - State was INACTIVE is now FIRING_ALL_RULES
7958 [main] DEBUG o.drools.core.common.DefaultAgenda - State was FIRING_ALL_RULES is now HALTING
7958 [main] DEBUG o.drools.core.common.DefaultAgenda - State was HALTING is now INACTIVE
7959 [main] DEBUG o.drools.core.common.DefaultAgenda - State was INACTIVE is now FIRING_ALL_RULES
8177 [main] DEBUG o.drools.core.common.DefaultAgenda - State was FIRING_ALL_RULES is now HALTING
8177 [main] DEBUG o.drools.core.common.DefaultAgenda - State was HALTING is now INACTIVE
8177 [main] DEBUG o.drools.core.common.DefaultAgenda - State was INACTIVE is now FIRING_ALL_RULES
8423 [main] DEBUG o.drools.core.common.DefaultAgenda - State was FIRING_ALL_RULES is now HALTING
8423 [main] DEBUG o.drools.core.common.DefaultAgenda - State was HALTING is now INACTIVE
8423 [main] DEBUG o.drools.core.common.DefaultAgenda - State was INACTIVE is now FIRING_ALL_RULES
8629 [main] DEBUG o.drools.core.common.DefaultAgenda - State was FIRING_ALL_RULES is now HALTING
8629 [main] DEBUG o.drools.core.common.DefaultAgenda - State was HALTING is now INACTIVE
8629 [main] DEBUG o.drools.core.common.DefaultAgenda - State was INACTIVE is now FIRING_ALL_RULES
8855 [main] DEBUG o.drools.core.common.DefaultAgenda - State was FIRING_ALL_RULES is now HALTING
8855 [main] DEBUG o.drools.core.common.DefaultAgenda - State was HALTING is now INACTIVE
8855 [main] DEBUG o.drools.core.common.DefaultAgenda - State was INACTIVE is now FIRING_ALL_RULES
9053 [main] DEBUG o.drools.core.common.DefaultAgenda - State was FIRING_ALL_RULES is now HALTING
9053 [main] DEBUG o.drools.core.common.DefaultAgenda - State was HALTING is now INACTIVE
9053 [main] DEBUG o.drools.core.common.DefaultAgenda - State was INACTIVE is now FIRING_ALL_RULES
9245 [main] DEBUG o.drools.core.common.DefaultAgenda - State was FIRING_ALL_RULES is now HALTING
9245 [main] DEBUG o.drools.core.common.DefaultAgenda - State was HALTING is now INACTIVE
9245 [main] DEBUG o.drools.core.common.DefaultAgenda - State was INACTIVE is now FIRING_ALL_RULES
9438 [main] DEBUG o.drools.core.common.DefaultAgenda - State was FIRING_ALL_RULES is now HALTING
9438 [main] DEBUG o.drools.core.common.DefaultAgenda - State was HALTING is now INACTIVE
9439 [main] DEBUG o.drools.core.common.DefaultAgenda - State was INACTIVE is now FIRING_ALL_RULES
9634 [main] DEBUG o.drools.core.common.DefaultAgenda - State was FIRING_ALL_RULES is now HALTING
9634 [main] DEBUG o.drools.core.common.DefaultAgenda - State was HALTING is now INACTIVE
9635 [main] DEBUG o.drools.core.common.DefaultAgenda - State was INACTIVE is now FIRING_ALL_RULES
9849 [main] DEBUG o.drools.core.common.DefaultAgenda - State was FIRING_ALL_RULES is now HALTING
9849 [main] DEBUG o.drools.core.common.DefaultAgenda - State was HALTING is now INACTIVE
9849 [main] DEBUG o.drools.core.common.DefaultAgenda - State was INACTIVE is now FIRING_ALL_RULES
10046 [main] DEBUG o.drools.core.common.DefaultAgenda - State was FIRING_ALL_RULES is now HALTING
10046 [main] DEBUG o.drools.core.common.DefaultAgenda - State was HALTING is now INACTIVE
10046 [main] DEBUG o.drools.core.common.DefaultAgenda - State was INACTIVE is now FIRING_ALL_RULES
10240 [main] DEBUG o.drools.core.common.DefaultAgenda - State was FIRING_ALL_RULES is now HALTING
10240 [main] DEBUG o.drools.core.common.DefaultAgenda - State was HALTING is now INACTIVE
10240 [main] DEBUG o.drools.core.common.DefaultAgenda - State was INACTIVE is now FIRING_ALL_RULES
10441 [main] DEBUG o.drools.core.common.DefaultAgenda - State was FIRING_ALL_RULES is now HALTING
10441 [main] DEBUG o.drools.core.common.DefaultAgenda - State was HALTING is now INACTIVE
10442 [main] DEBUG o.drools.core.common.DefaultAgenda - State was INACTIVE is now FIRING_ALL_RULES
10647 [main] DEBUG o.drools.core.common.DefaultAgenda - State was FIRING_ALL_RULES is now HALTING
10647 [main] DEBUG o.drools.core.common.DefaultAgenda - State was HALTING is now INACTIVE
10647 [main] DEBUG o.drools.core.common.DefaultAgenda - State was INACTIVE is now FIRING_ALL_RULES
10870 [main] DEBUG o.drools.core.common.DefaultAgenda - State was FIRING_ALL_RULES is now HALTING
10870 [main] DEBUG o.drools.core.common.DefaultAgenda - State was HALTING is now INACTIVE
10870 [main] DEBUG o.drools.core.common.DefaultAgenda - State was INACTIVE is now FIRING_ALL_RULES
11119 [main] DEBUG o.drools.core.common.DefaultAgenda - State was FIRING_ALL_RULES is now HALTING
11119 [main] DEBUG o.drools.core.common.DefaultAgenda - State was HALTING is now INACTIVE
11119 [main] DEBUG o.drools.core.common.DefaultAgenda - State was INACTIVE is now FIRING_ALL_RULES
11324 [main] DEBUG o.drools.core.common.DefaultAgenda - State was FIRING_ALL_RULES is now HALTING
11324 [main] DEBUG o.drools.core.common.DefaultAgenda - State was HALTING is now INACTIVE
11325 [main] DEBUG o.drools.core.common.DefaultAgenda - State was INACTIVE is now FIRING_ALL_RULES
11519 [main] DEBUG o.drools.core.common.DefaultAgenda - State was FIRING_ALL_RULES is now HALTING
11519 [main] DEBUG o.drools.core.common.DefaultAgenda - State was HALTING is now INACTIVE
11519 [main] DEBUG o.drools.core.common.DefaultAgenda - State was INACTIVE is now FIRING_ALL_RULES
11717 [main] DEBUG o.drools.core.common.DefaultAgenda - State was FIRING_ALL_RULES is now HALTING
11717 [main] DEBUG o.drools.core.common.DefaultAgenda - State was HALTING is now INACTIVE
11717 [main] DEBUG o.drools.core.common.DefaultAgenda - State was INACTIVE is now FIRING_ALL_RULES
11911 [main] DEBUG o.drools.core.common.DefaultAgenda - State was FIRING_ALL_RULES is now HALTING
11911 [main] DEBUG o.drools.core.common.DefaultAgenda - State was HALTING is now INACTIVE
11911 [main] DEBUG o.drools.core.common.DefaultAgenda - State was INACTIVE is now FIRING_ALL_RULES
12104 [main] DEBUG o.drools.core.common.DefaultAgenda - State was FIRING_ALL_RULES is now HALTING
12104 [main] DEBUG o.drools.core.common.DefaultAgenda - State was HALTING is now INACTIVE
12105 [main] DEBUG o.drools.core.common.DefaultAgenda - State was INACTIVE is now FIRING_ALL_RULES
12300 [main] DEBUG o.drools.core.common.DefaultAgenda - State was FIRING_ALL_RULES is now HALTING
12300 [main] DEBUG o.drools.core.common.DefaultAgenda - State was HALTING is now INACTIVE
12300 [main] DEBUG o.o.c.i.c.DefaultConstructionHeuristicPhase -     CH step (0), time spent (10085), score (100hard/700soft), selected move count (43), picked move (com.IRS.optaplanner.User@10d4b573 {null -> com.IRS.optaplanner.Paper@50785f86}).
12300 [main] INFO  o.o.c.i.c.DefaultConstructionHeuristicPhase - Construction Heuristic phase (0) ended: time spent (10085), best score (100hard/700soft), score calculation speed (4/sec), step total (1).
12338 [main] DEBUG o.drools.core.common.DefaultAgenda - State was INACTIVE is now DISPOSED
12568 [main] DEBUG o.drools.core.common.DefaultAgenda - State was INACTIVE is now DISPOSED
12569 [main] INFO  o.o.core.impl.solver.DefaultSolver - Solving ended: time spent (10353), best score (100hard/700soft), score calculation speed (4/sec), phase total (2), environment mode (REPRODUCIBLE).
